<?xml version="1.0" encoding="UTF-8"?>
<!-- Generated by org.testng.reporters.JUnitReportReporter -->
<testsuite hostname="iOSs-iMac-Dominic.local" failures="0" tests="1" name="mvn.automation.eCommerce.AppTest" time="0.007" errors="0" timestamp="2021-02-26T12:21:42 IST" skipped="0">
  <testcase classname="mvn.automation.eCommerce.AppTest" name="shouldAnswerWithTrue" time="0.007"/>
  <system-out/>
</testsuite> <!-- mvn.automation.eCommerce.AppTest -->
