<?xml version="1.0" encoding="UTF-8"?>
<!-- Generated by org.testng.reporters.JUnitReportReporter -->
<testsuite hostname="iOSs-iMac-Dominic.local" failures="0" tests="1" name="mvn.automation.eCommerce.productSearch" time="15.888" errors="0" timestamp="2021-02-26T15:57:51 IST" skipped="0">
  <testcase classname="mvn.automation.eCommerce.productSearch" name="search" time="15.888"/>
  <system-out/>
</testsuite> <!-- mvn.automation.eCommerce.productSearch -->
