<?xml version="1.0" encoding="UTF-8"?>
<!-- Generated by org.testng.reporters.JUnitReportReporter -->
<testsuite hostname="iOSs-iMac-Dominic.local" failures="0" tests="2" name="NewTest" time="0.008" errors="0" timestamp="2021-02-26T12:21:00 IST" skipped="0">
  <testcase classname="NewTest" name="f" time="0.007"/>
  <system-out/>
  <testcase classname="NewTest" name="f2" time="0.001"/>
  <system-out/>
</testsuite> <!-- NewTest -->
