<?xml version="1.0" encoding="UTF-8"?>
<!-- Generated by org.testng.reporters.JUnitReportReporter -->
<testsuite hostname="iOSs-iMac-Dominic.local" failures="0" tests="1" name="mvn.automation.eCommerce.Launcher" time="12.866" errors="0" timestamp="2021-02-26T13:47:07 IST" skipped="0">
  <testcase classname="mvn.automation.eCommerce.Launcher" name="openStore" time="12.866"/>
  <system-out/>
</testsuite> <!-- mvn.automation.eCommerce.Launcher -->
