<?xml version="1.0" encoding="UTF-8"?>
<!-- Generated by org.testng.reporters.JUnitReportReporter -->
<testsuite hostname="iOSs-iMac-Dominic.local" failures="0" tests="1" name="mvn.automation.eCommerce.Registration" time="45.330" errors="0" timestamp="2021-02-26T15:15:14 IST" skipped="0">
  <testcase classname="mvn.automation.eCommerce.Registration" name="Signup_in_Website" time="45.330"/>
  <system-out/>
</testsuite> <!-- mvn.automation.eCommerce.Registration -->
